<?xml version="1.0" encoding="UTF-8"?>
<!-- Generated by org.testng.reporters.JUnitReportReporter -->
<testsuite skipped="0" hostname="DESKTOP-250U10H" name="testcases.Testcase_verifyAddPayee" tests="1" failures="0" timestamp="16 Nov 2019 20:02:03 GMT" time="19.674" errors="0">
  <testcase name="doAddPayee" time="19.674" classname="testcases.Testcase_verifyAddPayee"/>
</testsuite> <!-- testcases.Testcase_verifyAddPayee -->
