<?xml version="1.0" encoding="UTF-8"?>
<!-- Generated by org.testng.reporters.JUnitReportReporter -->
<testsuite skipped="0" hostname="DESKTOP-250U10H" name="testcases.Testcase_verifyAddPayee" tests="1" failures="0" timestamp="23 Nov 2019 21:32:27 GMT" time="18.534" errors="0">
  <testcase name="doAddPayee" time="18.534" classname="testcases.Testcase_verifyAddPayee"/>
</testsuite> <!-- testcases.Testcase_verifyAddPayee -->
