<?xml version="1.0" encoding="UTF-8"?>
<!-- Generated by org.testng.reporters.JUnitReportReporter -->
<testsuite skipped="0" hostname="DESKTOP-250U10H" name="testcases.Testcase_Login" tests="1" failures="0" timestamp="23 Nov 2019 21:32:27 GMT" time="15.540" errors="0">
  <testcase name="login" time="15.540" classname="testcases.Testcase_Login"/>
</testsuite> <!-- testcases.Testcase_Login -->
